{
  "RSpec": {
    "coverage": {
      "/home/saasbook/Documents/tarot-organizer/app/controllers/application_controller.rb": [
        1,
        1,
        null
      ],
      "/home/saasbook/Documents/tarot-organizer/app/helpers/application_helper.rb": [
        1,
        null
      ],
      "/home/saasbook/Documents/tarot-organizer/app/helpers/clients_helper.rb": [
        1,
        1,
        2,
        null,
        null
      ],
      "/home/saasbook/Documents/tarot-organizer/app/helpers/spreads_helper.rb": [
        1,
        null
      ],
      "/home/saasbook/Documents/tarot-organizer/app/controllers/clients_controller.rb": [
        1,
        null,
        null,
        1,
        2,
        0,
        null,
        2,
        null,
        2,
        0,
        null,
        2,
        null,
        null,
        2,
        0,
        0,
        null,
        null,
        2,
        2,
        null,
        2,
        0,
        0,
        null,
        2,
        null,
        null,
        2,
        2,
        2,
        null,
        null,
        null,
        null,
        null,
        1,
        1,
        null,
        1,
        1,
        1,
        null,
        null,
        null,
        null,
        null,
        1,
        1,
        null,
        1,
        1,
        1,
        null,
        null,
        null,
        null,
        1,
        1,
        null,
        null,
        null,
        null,
        1,
        5,
        null,
        5,
        5,
        6,
        3,
        null,
        4,
        2,
        null,
        null,
        null,
        null,
        null,
        null,
        1,
        5,
        null,
        5,
        5,
        4,
        2,
        null,
        6,
        3,
        null,
        null,
        null,
        null,
        null,
        null,
        1,
        2,
        2,
        null,
        2,
        4,
        2,
        null,
        null,
        null
      ],
      "/home/saasbook/Documents/tarot-organizer/app/models/client.rb": [
        1,
        1,
        1,
        1,
        12,
        null,
        2,
        null,
        1,
        null,
        1,
        null,
        null,
        null,
        1,
        1,
        null,
        null,
        1,
        11,
        null,
        11,
        null,
        3,
        null,
        8,
        null,
        null,
        null,
        1,
        3,
        2,
        2,
        null,
        null
      ],
      "/home/saasbook/Documents/tarot-organizer/lib/validators/client_validator.rb": [
        1,
        1,
        1,
        50,
        50,
        null,
        null
      ],
      "/home/saasbook/Documents/tarot-organizer/lib/validators/entity_validations.rb": [
        1,
        null,
        1,
        90,
        3,
        null,
        null,
        null,
        1,
        90,
        90,
        1,
        null,
        89,
        89,
        3,
        null,
        null,
        0,
        0,
        null,
        null,
        null,
        null,
        null,
        1,
        40,
        2,
        2,
        null,
        null,
        null,
        1,
        130,
        null,
        90,
        90,
        null,
        0,
        null,
        90,
        null,
        40,
        null,
        0,
        null,
        null,
        null
      ],
      "/home/saasbook/Documents/tarot-organizer/app/controllers/spreads_controller.rb": [
        1,
        null,
        null,
        1,
        2,
        null,
        2,
        2,
        2,
        null,
        null,
        null,
        null,
        null,
        1,
        1,
        null,
        1,
        1,
        1,
        null,
        null,
        null,
        null,
        null,
        1,
        1,
        2,
        1,
        1,
        1,
        1,
        null,
        null,
        null,
        null,
        1,
        1,
        2,
        null,
        null,
        null,
        null,
        1,
        5,
        5,
        10,
        5,
        5,
        6,
        3,
        null,
        4,
        2,
        null,
        null,
        null,
        null,
        null,
        null,
        1,
        5,
        5,
        5,
        5,
        4,
        2,
        null,
        6,
        3,
        null,
        null,
        null,
        null,
        null,
        null,
        1,
        2,
        2,
        null,
        2,
        4,
        2,
        null,
        null,
        null
      ],
      "/home/saasbook/Documents/tarot-organizer/app/models/spread.rb": [
        1,
        1,
        1,
        1,
        1,
        null,
        1,
        32,
        32,
        32,
        null,
        null
      ],
      "/home/saasbook/Documents/tarot-organizer/lib/validators/spread_validator.rb": [
        1,
        1,
        1,
        1,
        40,
        40,
        40,
        40,
        null,
        null,
        1,
        40,
        null,
        2,
        null,
        null,
        1,
        120,
        null,
        40,
        null,
        80,
        null,
        null,
        null
      ],
      "/home/saasbook/Documents/tarot-organizer/lib/image_processing/spread_image.rb": [
        1,
        1,
        1,
        32,
        32,
        32,
        32,
        32,
        null,
        null,
        1,
        32,
        null,
        null
      ]
    },
    "timestamp": 1343677106
  },
  "Cucumber Features": {
    "coverage": {
      "/home/saasbook/Documents/tarot-organizer/app/controllers/application_controller.rb": [
        1,
        1,
        null
      ],
      "/home/saasbook/Documents/tarot-organizer/app/helpers/application_helper.rb": [
        1,
        null
      ],
      "/home/saasbook/Documents/tarot-organizer/app/helpers/clients_helper.rb": [
        1,
        1,
        13,
        null,
        null
      ],
      "/home/saasbook/Documents/tarot-organizer/app/helpers/spreads_helper.rb": [
        1,
        null
      ],
      "/home/saasbook/Documents/tarot-organizer/app/controllers/clients_controller.rb": [
        1,
        null,
        null,
        1,
        15,
        1,
        null,
        15,
        null,
        15,
        4,
        null,
        11,
        null,
        null,
        15,
        2,
        2,
        null,
        null,
        13,
        13,
        null,
        13,
        1,
        1,
        null,
        12,
        null,
        null,
        13,
        13,
        13,
        null,
        null,
        null,
        null,
        null,
        1,
        5,
        null,
        5,
        5,
        5,
        null,
        null,
        null,
        null,
        null,
        1,
        2,
        null,
        2,
        2,
        2,
        null,
        null,
        null,
        null,
        1,
        1,
        null,
        null,
        null,
        null,
        1,
        1,
        null,
        1,
        1,
        2,
        1,
        null,
        0,
        0,
        null,
        null,
        null,
        null,
        null,
        null,
        1,
        0,
        null,
        0,
        0,
        0,
        0,
        null,
        0,
        0,
        null,
        null,
        null,
        null,
        null,
        null,
        1,
        1,
        1,
        null,
        1,
        2,
        1,
        null,
        null,
        null
      ],
      "/home/saasbook/Documents/tarot-organizer/app/models/client.rb": [
        1,
        1,
        1,
        1,
        61,
        null,
        1,
        null,
        1,
        null,
        0,
        null,
        null,
        null,
        1,
        1,
        null,
        null,
        1,
        6,
        null,
        6,
        null,
        5,
        null,
        1,
        null,
        null,
        null,
        1,
        5,
        5,
        5,
        null,
        null
      ],
      "/home/saasbook/Documents/tarot-organizer/lib/validators/client_validator.rb": [
        1,
        1,
        1,
        57,
        57,
        null,
        null
      ],
      "/home/saasbook/Documents/tarot-organizer/lib/validators/entity_validations.rb": [
        1,
        null,
        1,
        75,
        0,
        null,
        null,
        null,
        1,
        75,
        75,
        0,
        null,
        75,
        75,
        0,
        null,
        null,
        0,
        0,
        null,
        null,
        null,
        null,
        null,
        1,
        18,
        9,
        9,
        null,
        null,
        null,
        1,
        93,
        null,
        75,
        75,
        null,
        0,
        null,
        75,
        null,
        18,
        null,
        0,
        null,
        null,
        null
      ],
      "/home/saasbook/Documents/tarot-organizer/app/controllers/spreads_controller.rb": [
        1,
        null,
        null,
        1,
        0,
        null,
        0,
        0,
        0,
        null,
        null,
        null,
        null,
        null,
        1,
        1,
        null,
        1,
        1,
        1,
        null,
        null,
        null,
        null,
        null,
        1,
        1,
        3,
        1,
        1,
        1,
        1,
        null,
        null,
        null,
        null,
        1,
        0,
        0,
        null,
        null,
        null,
        null,
        1,
        0,
        0,
        0,
        0,
        0,
        0,
        0,
        null,
        0,
        0,
        null,
        null,
        null,
        null,
        null,
        null,
        1,
        0,
        0,
        0,
        0,
        0,
        0,
        null,
        0,
        0,
        null,
        null,
        null,
        null,
        null,
        null,
        1,
        0,
        0,
        null,
        0,
        0,
        0,
        null,
        null,
        null
      ],
      "/home/saasbook/Documents/tarot-organizer/app/models/spread.rb": [
        1,
        1,
        1,
        1,
        1,
        null,
        1,
        9,
        9,
        9,
        null,
        null
      ],
      "/home/saasbook/Documents/tarot-organizer/lib/validators/spread_validator.rb": [
        1,
        1,
        1,
        1,
        18,
        18,
        18,
        18,
        null,
        null,
        1,
        18,
        null,
        0,
        null,
        null,
        1,
        54,
        null,
        18,
        null,
        36,
        null,
        null,
        null
      ],
      "/home/saasbook/Documents/tarot-organizer/lib/image_processing/spread_image.rb": [
        1,
        1,
        1,
        9,
        9,
        9,
        9,
        9,
        null,
        null,
        1,
        9,
        null,
        null
      ]
    },
    "timestamp": 1343677062
  }
}
