{
  "RSpec": {
    "coverage": {
      "/home/saasbook/Documents/tarot-organizer/app/controllers/application_controller.rb": [
        1,
        1,
        null
      ],
      "/home/saasbook/Documents/tarot-organizer/app/helpers/application_helper.rb": [
        1,
        null
      ],
      "/home/saasbook/Documents/tarot-organizer/app/helpers/clients_helper.rb": [
        1,
        1,
        2,
        null,
        null
      ],
      "/home/saasbook/Documents/tarot-organizer/app/controllers/clients_controller.rb": [
        1,
        null,
        null,
        1,
        2,
        0,
        null,
        2,
        null,
        2,
        0,
        null,
        2,
        null,
        null,
        2,
        0,
        0,
        null,
        null,
        2,
        2,
        null,
        2,
        0,
        0,
        null,
        2,
        null,
        null,
        2,
        2,
        2,
        null,
        null,
        null,
        null,
        null,
        1,
        1,
        null,
        1,
        1,
        1,
        null,
        null,
        null,
        null,
        null,
        1,
        1,
        null,
        1,
        1,
        1,
        null,
        null,
        null,
        null,
        1,
        1,
        null,
        null,
        null,
        null,
        1,
        5,
        null,
        5,
        5,
        6,
        3,
        null,
        4,
        2,
        null,
        null,
        null,
        null,
        null,
        null,
        1,
        5,
        null,
        5,
        5,
        4,
        2,
        null,
        6,
        3,
        null,
        null,
        null,
        null,
        null,
        null,
        1,
        2,
        2,
        null,
        2,
        4,
        2,
        null,
        null,
        null
      ],
      "/home/saasbook/Documents/tarot-organizer/app/models/client.rb": [
        1,
        1,
        null,
        1,
        1,
        null,
        null
      ],
      "/home/saasbook/Documents/tarot-organizer/lib/validators/client_validator.rb": [
        1,
        1,
        21,
        21,
        null,
        null,
        1,
        21,
        1,
        null,
        null,
        null,
        1,
        21,
        1,
        null,
        20,
        1,
        null,
        null,
        null,
        null
      ]
    },
    "timestamp": 1341863042
  },
  "Cucumber Features": {
    "coverage": {
      "/home/saasbook/Documents/tarot-organizer/app/controllers/application_controller.rb": [
        1,
        1,
        null
      ],
      "/home/saasbook/Documents/tarot-organizer/app/helpers/application_helper.rb": [
        1,
        null
      ],
      "/home/saasbook/Documents/tarot-organizer/app/helpers/clients_helper.rb": [
        1,
        1,
        13,
        null,
        null
      ],
      "/home/saasbook/Documents/tarot-organizer/app/controllers/clients_controller.rb": [
        1,
        null,
        null,
        1,
        15,
        1,
        null,
        15,
        null,
        15,
        4,
        null,
        11,
        null,
        null,
        15,
        2,
        2,
        null,
        null,
        13,
        13,
        null,
        13,
        1,
        1,
        null,
        12,
        null,
        null,
        13,
        13,
        13,
        null,
        null,
        null,
        null,
        null,
        1,
        2,
        null,
        2,
        2,
        2,
        null,
        null,
        null,
        null,
        null,
        1,
        2,
        null,
        2,
        2,
        2,
        null,
        null,
        null,
        null,
        1,
        1,
        null,
        null,
        null,
        null,
        1,
        1,
        null,
        1,
        1,
        2,
        1,
        null,
        0,
        0,
        null,
        null,
        null,
        null,
        null,
        null,
        1,
        0,
        null,
        0,
        0,
        0,
        0,
        null,
        0,
        0,
        null,
        null,
        null,
        null,
        null,
        null,
        1,
        1,
        1,
        null,
        1,
        2,
        1,
        null,
        null,
        null
      ],
      "/home/saasbook/Documents/tarot-organizer/app/models/client.rb": [
        1,
        1,
        null,
        1,
        1,
        null,
        null
      ],
      "/home/saasbook/Documents/tarot-organizer/lib/validators/client_validator.rb": [
        1,
        1,
        42,
        42,
        null,
        null,
        1,
        42,
        0,
        null,
        null,
        null,
        1,
        42,
        0,
        null,
        42,
        0,
        null,
        null,
        null,
        null
      ]
    },
    "timestamp": 1341863004
  }
}
